
*** Running vivado
    with args -log BD_bootrom_wrapper_0_0.vds -m64 -product Vivado -mode batch -messageDb vivado.pb -notrace -source BD_bootrom_wrapper_0_0.tcl



****** Vivado v2020.2 (64-bit)
  **** SW Build 3064766 on Wed Nov 18 09:12:45 MST 2020
  **** IP Build 3064653 on Wed Nov 18 14:17:31 MST 2020
    ** Copyright 1986-2020 Xilinx, Inc. All Rights Reserved.

source BD_bootrom_wrapper_0_0.tcl -notrace
Command: synth_design -top BD_bootrom_wrapper_0_0 -part xc7a100tcsg324-1 -mode out_of_context
Starting synth_design
WARNING: [IP_Flow 19-3571] IP 'BD_bootrom_wrapper_0_0' is restricted:
* Module reference is stale and needs refreshing.
Attempting to get a license for feature 'Synthesis' and/or device 'xc7a100t'
INFO: [Common 17-349] Got license for feature 'Synthesis' and/or device 'xc7a100t'
INFO: [Synth 8-7079] Multithreading enabled for synth_design using a maximum of 2 processes.
INFO: [Synth 8-7078] Launching helper process for spawning children vivado processes
INFO: [Synth 8-7075] Helper process launched with PID 27080
---------------------------------------------------------------------------------
Starting Synthesize : Time (s): cpu = 00:00:11 ; elapsed = 00:00:13 . Memory (MB): peak = 1017.766 ; gain = 0.000
---------------------------------------------------------------------------------
INFO: [Synth 8-6157] synthesizing module 'BD_bootrom_wrapper_0_0' [c:/Users/Usuario/Documents/Noveno Semestre/Arquitectura de computadores/RVfpgaSoC-v1.0/RVfpgaSoC/Labs/LabProjects/Lab1.gen/sources_1/bd/BD/ip/BD_bootrom_wrapper_0_0/synth/BD_bootrom_wrapper_0_0.v:58]
INFO: [Synth 8-6157] synthesizing module 'bootrom_wrapper' [C:/Users/Usuario/Documents/Noveno Semestre/Arquitectura de computadores/RVfpgaSoC-v1.0/RVfpgaSoC/Labs/LabProjects/Lab1.srcs/sources_1/imports/src/SweRVolfSoC/BootROM/bootrom_wrapper.v:23]
INFO: [Synth 8-6157] synthesizing module 'wb_mem_wrapper' [C:/Users/Usuario/Documents/Noveno Semestre/Arquitectura de computadores/RVfpgaSoC-v1.0/RVfpgaSoC/Labs/LabProjects/Lab1.srcs/sources_1/imports/src/SweRVolfSoC/BootROM/wb_mem_wrapper.v:25]
	Parameter MEM_SIZE bound to: 4096 - type: integer 
	Parameter mem_clear bound to: 0 - type: integer 
	Parameter INIT_FILE bound to: (null) - type: string 
INFO: [Synth 8-6157] synthesizing module 'dpram64' [C:/Users/Usuario/Documents/Noveno Semestre/Arquitectura de computadores/RVfpgaSoC-v1.0/RVfpgaSoC/Labs/LabProjects/Lab1.srcs/sources_1/imports/src/SweRVolfSoC/BootROM/dpram64.v:24]
	Parameter SIZE bound to: 4096 - type: integer 
	Parameter mem_clear bound to: 0 - type: integer 
	Parameter memfile bound to: (null) - type: string 
	Parameter AW bound to: 12 - type: integer 
INFO: [Synth 8-6155] done synthesizing module 'dpram64' (1#1) [C:/Users/Usuario/Documents/Noveno Semestre/Arquitectura de computadores/RVfpgaSoC-v1.0/RVfpgaSoC/Labs/LabProjects/Lab1.srcs/sources_1/imports/src/SweRVolfSoC/BootROM/dpram64.v:24]
INFO: [Synth 8-6155] done synthesizing module 'wb_mem_wrapper' (2#1) [C:/Users/Usuario/Documents/Noveno Semestre/Arquitectura de computadores/RVfpgaSoC-v1.0/RVfpgaSoC/Labs/LabProjects/Lab1.srcs/sources_1/imports/src/SweRVolfSoC/BootROM/wb_mem_wrapper.v:25]
WARNING: [Synth 8-689] width (32) of port connection 'i_wb_adr' does not match port width (10) of module 'wb_mem_wrapper' [C:/Users/Usuario/Documents/Noveno Semestre/Arquitectura de computadores/RVfpgaSoC-v1.0/RVfpgaSoC/Labs/LabProjects/Lab1.srcs/sources_1/imports/src/SweRVolfSoC/BootROM/bootrom_wrapper.v:39]
INFO: [Synth 8-6155] done synthesizing module 'bootrom_wrapper' (3#1) [C:/Users/Usuario/Documents/Noveno Semestre/Arquitectura de computadores/RVfpgaSoC-v1.0/RVfpgaSoC/Labs/LabProjects/Lab1.srcs/sources_1/imports/src/SweRVolfSoC/BootROM/bootrom_wrapper.v:23]
INFO: [Synth 8-6155] done synthesizing module 'BD_bootrom_wrapper_0_0' (4#1) [c:/Users/Usuario/Documents/Noveno Semestre/Arquitectura de computadores/RVfpgaSoC-v1.0/RVfpgaSoC/Labs/LabProjects/Lab1.gen/sources_1/bd/BD/ip/BD_bootrom_wrapper_0_0/synth/BD_bootrom_wrapper_0_0.v:58]
---------------------------------------------------------------------------------
Finished Synthesize : Time (s): cpu = 00:00:13 ; elapsed = 00:00:17 . Memory (MB): peak = 1017.766 ; gain = 0.000
---------------------------------------------------------------------------------
---------------------------------------------------------------------------------
Finished Constraint Validation : Time (s): cpu = 00:00:15 ; elapsed = 00:00:18 . Memory (MB): peak = 1017.766 ; gain = 0.000
---------------------------------------------------------------------------------
---------------------------------------------------------------------------------
Start Loading Part and Timing Information
---------------------------------------------------------------------------------
Loading part: xc7a100tcsg324-1
---------------------------------------------------------------------------------
Finished Loading Part and Timing Information : Time (s): cpu = 00:00:15 ; elapsed = 00:00:18 . Memory (MB): peak = 1017.766 ; gain = 0.000
---------------------------------------------------------------------------------
INFO: [Device 21-403] Loading part xc7a100tcsg324-1
---------------------------------------------------------------------------------
Finished RTL Optimization Phase 2 : Time (s): cpu = 00:00:15 ; elapsed = 00:00:19 . Memory (MB): peak = 1017.766 ; gain = 0.000
---------------------------------------------------------------------------------
No constraint files found.
---------------------------------------------------------------------------------
Start RTL Component Statistics 
---------------------------------------------------------------------------------
Detailed RTL Component Info : 
+---Registers : 
	               64 Bit    Registers := 1     
	                1 Bit    Registers := 1     
+---RAMs : 
	              32K Bit	(512 X 64 bit)          RAMs := 1     
+---Muxes : 
	   2 Input   64 Bit        Muxes := 14    
	   2 Input   32 Bit        Muxes := 1     
	   2 Input    8 Bit        Muxes := 1     
	   2 Input    4 Bit        Muxes := 2     
---------------------------------------------------------------------------------
Finished RTL Component Statistics 
---------------------------------------------------------------------------------
---------------------------------------------------------------------------------
Start Part Resource Summary
---------------------------------------------------------------------------------
Part Resources:
DSPs: 240 (col length:80)
BRAMs: 270 (col length: RAMB18 80 RAMB36 40)
---------------------------------------------------------------------------------
Finished Part Resource Summary
---------------------------------------------------------------------------------
No constraint files found.
---------------------------------------------------------------------------------
Start Cross Boundary and Area Optimization
---------------------------------------------------------------------------------
---------------------------------------------------------------------------------
Finished Cross Boundary and Area Optimization : Time (s): cpu = 00:00:26 ; elapsed = 00:00:36 . Memory (MB): peak = 1017.766 ; gain = 0.000
---------------------------------------------------------------------------------
---------------------------------------------------------------------------------
Start ROM, RAM, DSP, Shift Register and Retiming Reporting
---------------------------------------------------------------------------------

Block RAM: Preliminary Mapping	Report (see note below)
+-----------------------+--------------------------+------------------------+---+---+------------------------+---+---+------------------+--------+--------+
|Module Name            | RTL Object               | PORT A (Depth x Width) | W | R | PORT B (Depth x Width) | W | R | Ports driving FF | RAMB18 | RAMB36 | 
+-----------------------+--------------------------+------------------------+---+---+------------------------+---+---+------------------+--------+--------+
|BD_bootrom_wrapper_0_0 | inst/bootrom/ram/mem_reg | 512 x 64(READ_FIRST)   | W | R |                        |   |   | Port A           | 0      | 1      | 
+-----------------------+--------------------------+------------------------+---+---+------------------------+---+---+------------------+--------+--------+

Note: The table above is a preliminary report that shows the Block RAMs at the current stage of the synthesis flow. Some Block RAMs may be reimplemented as non Block RAM primitives later in the synthesis flow. Multiple instantiated Block RAMs are reported only once. 
---------------------------------------------------------------------------------
Finished ROM, RAM, DSP, Shift Register and Retiming Reporting
---------------------------------------------------------------------------------
No constraint files found.
---------------------------------------------------------------------------------
Start Timing Optimization
---------------------------------------------------------------------------------
---------------------------------------------------------------------------------
Finished Timing Optimization : Time (s): cpu = 00:00:26 ; elapsed = 00:00:36 . Memory (MB): peak = 1017.766 ; gain = 0.000
---------------------------------------------------------------------------------
---------------------------------------------------------------------------------
Start ROM, RAM, DSP, Shift Register and Retiming Reporting
---------------------------------------------------------------------------------

Block RAM: Final Mapping	Report
+-----------------------+--------------------------+------------------------+---+---+------------------------+---+---+------------------+--------+--------+
|Module Name            | RTL Object               | PORT A (Depth x Width) | W | R | PORT B (Depth x Width) | W | R | Ports driving FF | RAMB18 | RAMB36 | 
+-----------------------+--------------------------+------------------------+---+---+------------------------+---+---+------------------+--------+--------+
|BD_bootrom_wrapper_0_0 | inst/bootrom/ram/mem_reg | 512 x 64(READ_FIRST)   | W | R |                        |   |   | Port A           | 0      | 1      | 
+-----------------------+--------------------------+------------------------+---+---+------------------------+---+---+------------------+--------+--------+

---------------------------------------------------------------------------------
Finished ROM, RAM, DSP, Shift Register and Retiming Reporting
---------------------------------------------------------------------------------
---------------------------------------------------------------------------------
Start Technology Mapping
---------------------------------------------------------------------------------
INFO: [Synth 8-7052] The timing for the instance inst/bootrom/ram/mem_reg (implemented as a Block RAM) might be sub-optimal as no optional output register could be merged into the ram block. Providing additional output register may help in improving timing.
INFO: [Synth 8-7052] The timing for the instance inst/bootrom/ram/mem_reg (implemented as a Block RAM) might be sub-optimal as no optional output register could be merged into the ram block. Providing additional output register may help in improving timing.
---------------------------------------------------------------------------------
Finished Technology Mapping : Time (s): cpu = 00:00:26 ; elapsed = 00:00:36 . Memory (MB): peak = 1017.766 ; gain = 0.000
---------------------------------------------------------------------------------
---------------------------------------------------------------------------------
Start IO Insertion
---------------------------------------------------------------------------------
---------------------------------------------------------------------------------
Start Flattening Before IO Insertion
---------------------------------------------------------------------------------
---------------------------------------------------------------------------------
Finished Flattening Before IO Insertion
---------------------------------------------------------------------------------
---------------------------------------------------------------------------------
Start Final Netlist Cleanup
---------------------------------------------------------------------------------
---------------------------------------------------------------------------------
Finished Final Netlist Cleanup
---------------------------------------------------------------------------------
---------------------------------------------------------------------------------
Finished IO Insertion : Time (s): cpu = 00:00:36 ; elapsed = 00:00:51 . Memory (MB): peak = 1017.766 ; gain = 0.000
---------------------------------------------------------------------------------
---------------------------------------------------------------------------------
Start Renaming Generated Instances
---------------------------------------------------------------------------------
---------------------------------------------------------------------------------
Finished Renaming Generated Instances : Time (s): cpu = 00:00:36 ; elapsed = 00:00:51 . Memory (MB): peak = 1017.766 ; gain = 0.000
---------------------------------------------------------------------------------
---------------------------------------------------------------------------------
Start Rebuilding User Hierarchy
---------------------------------------------------------------------------------
---------------------------------------------------------------------------------
Finished Rebuilding User Hierarchy : Time (s): cpu = 00:00:36 ; elapsed = 00:00:51 . Memory (MB): peak = 1017.766 ; gain = 0.000
---------------------------------------------------------------------------------
---------------------------------------------------------------------------------
Start Renaming Generated Ports
---------------------------------------------------------------------------------
---------------------------------------------------------------------------------
Finished Renaming Generated Ports : Time (s): cpu = 00:00:36 ; elapsed = 00:00:51 . Memory (MB): peak = 1017.766 ; gain = 0.000
---------------------------------------------------------------------------------
---------------------------------------------------------------------------------
Start Handling Custom Attributes
---------------------------------------------------------------------------------
---------------------------------------------------------------------------------
Finished Handling Custom Attributes : Time (s): cpu = 00:00:36 ; elapsed = 00:00:51 . Memory (MB): peak = 1017.766 ; gain = 0.000
---------------------------------------------------------------------------------
---------------------------------------------------------------------------------
Start Renaming Generated Nets
---------------------------------------------------------------------------------
---------------------------------------------------------------------------------
Finished Renaming Generated Nets : Time (s): cpu = 00:00:36 ; elapsed = 00:00:51 . Memory (MB): peak = 1017.766 ; gain = 0.000
---------------------------------------------------------------------------------
---------------------------------------------------------------------------------
Start Writing Synthesis Report
---------------------------------------------------------------------------------

Report BlackBoxes: 
+-+--------------+----------+
| |BlackBox name |Instances |
+-+--------------+----------+
+-+--------------+----------+

Report Cell Usage: 
+------+---------+------+
|      |Cell     |Count |
+------+---------+------+
|1     |LUT3     |    32|
|2     |LUT4     |     1|
|3     |LUT5     |     8|
|4     |RAMB36E1 |     1|
|5     |FDRE     |     1|
+------+---------+------+

Report Instance Areas: 
+------+------------+----------------+------+
|      |Instance    |Module          |Cells |
+------+------------+----------------+------+
|1     |top         |                |    43|
|2     |  inst      |bootrom_wrapper |    43|
|3     |    bootrom |wb_mem_wrapper  |    43|
|4     |      ram   |dpram64         |     9|
+------+------------+----------------+------+
---------------------------------------------------------------------------------
Finished Writing Synthesis Report : Time (s): cpu = 00:00:36 ; elapsed = 00:00:51 . Memory (MB): peak = 1017.766 ; gain = 0.000
---------------------------------------------------------------------------------
Synthesis finished with 0 errors, 0 critical warnings and 1 warnings.
Synthesis Optimization Runtime : Time (s): cpu = 00:00:36 ; elapsed = 00:00:51 . Memory (MB): peak = 1017.766 ; gain = 0.000
Synthesis Optimization Complete : Time (s): cpu = 00:00:36 ; elapsed = 00:00:51 . Memory (MB): peak = 1017.766 ; gain = 0.000
INFO: [Project 1-571] Translating synthesized netlist
Netlist sorting complete. Time (s): cpu = 00:00:00 ; elapsed = 00:00:00.010 . Memory (MB): peak = 1017.766 ; gain = 0.000
INFO: [Netlist 29-17] Analyzing 1 Unisim elements for replacement
INFO: [Netlist 29-28] Unisim Transformation completed in 0 CPU seconds
INFO: [Project 1-570] Preparing netlist for logic optimization
INFO: [Opt 31-138] Pushed 0 inverter(s) to 0 load pin(s).
Netlist sorting complete. Time (s): cpu = 00:00:00 ; elapsed = 00:00:00.001 . Memory (MB): peak = 1017.766 ; gain = 0.000
INFO: [Project 1-111] Unisim Transformation Summary:
No Unisim elements were transformed.

INFO: [Common 17-83] Releasing license: Synthesis
22 Infos, 2 Warnings, 0 Critical Warnings and 0 Errors encountered.
synth_design completed successfully
synth_design: Time (s): cpu = 00:00:46 ; elapsed = 00:01:10 . Memory (MB): peak = 1017.766 ; gain = 0.000
INFO: [Timing 38-35] Done setting XDC timing constraints.
INFO: [Common 17-1381] The checkpoint 'C:/Users/Usuario/Documents/Noveno Semestre/Arquitectura de computadores/RVfpgaSoC-v1.0/RVfpgaSoC/Labs/LabProjects/Lab1.runs/BD_bootrom_wrapper_0_0_synth_1/BD_bootrom_wrapper_0_0.dcp' has been generated.
write_checkpoint: Time (s): cpu = 00:00:21 ; elapsed = 00:00:32 . Memory (MB): peak = 1305.500 ; gain = 287.734
WARNING: [Common 17-576] 'use_project_ipc' is deprecated. This option is deprecated and no longer used.
INFO: [Coretcl 2-1174] Renamed 3 cell refs.
INFO: [Common 17-1381] The checkpoint 'C:/Users/Usuario/Documents/Noveno Semestre/Arquitectura de computadores/RVfpgaSoC-v1.0/RVfpgaSoC/Labs/LabProjects/Lab1.runs/BD_bootrom_wrapper_0_0_synth_1/BD_bootrom_wrapper_0_0.dcp' has been generated.
INFO: [runtcl-4] Executing : report_utilization -file BD_bootrom_wrapper_0_0_utilization_synth.rpt -pb BD_bootrom_wrapper_0_0_utilization_synth.pb
INFO: [Common 17-206] Exiting Vivado at Sun Mar  6 16:55:54 2022...
