
*** Running vivado
    with args -log BD_gpio_wrapper_0_0.vds -m64 -product Vivado -mode batch -messageDb vivado.pb -notrace -source BD_gpio_wrapper_0_0.tcl



****** Vivado v2020.2 (64-bit)
  **** SW Build 3064766 on Wed Nov 18 09:12:45 MST 2020
  **** IP Build 3064653 on Wed Nov 18 14:17:31 MST 2020
    ** Copyright 1986-2020 Xilinx, Inc. All Rights Reserved.

source BD_gpio_wrapper_0_0.tcl -notrace
Command: synth_design -top BD_gpio_wrapper_0_0 -part xc7a100tcsg324-1 -mode out_of_context
Starting synth_design
WARNING: [IP_Flow 19-3571] IP 'BD_gpio_wrapper_0_0' is restricted:
* Module reference is stale and needs refreshing.
Attempting to get a license for feature 'Synthesis' and/or device 'xc7a100t'
INFO: [Common 17-349] Got license for feature 'Synthesis' and/or device 'xc7a100t'
INFO: [Synth 8-7079] Multithreading enabled for synth_design using a maximum of 2 processes.
INFO: [Synth 8-7078] Launching helper process for spawning children vivado processes
INFO: [Synth 8-7075] Helper process launched with PID 27288
---------------------------------------------------------------------------------
Starting Synthesize : Time (s): cpu = 00:00:16 ; elapsed = 00:00:15 . Memory (MB): peak = 1284.449 ; gain = 569.102
---------------------------------------------------------------------------------
INFO: [Synth 8-6157] synthesizing module 'BD_gpio_wrapper_0_0' [c:/Users/Usuario/Documents/Noveno Semestre/Arquitectura de computadores/RVfpgaSoC-v1.0/RVfpgaSoC/Labs/LabProjects/Lab1.gen/sources_1/bd/BD/ip/BD_gpio_wrapper_0_0/synth/BD_gpio_wrapper_0_0.v:58]
INFO: [Synth 8-6157] synthesizing module 'gpio_wrapper' [C:/Users/Usuario/Documents/Noveno Semestre/Arquitectura de computadores/RVfpgaSoC-v1.0/RVfpgaSoC/Labs/LabProjects/Lab1.srcs/sources_1/imports/src/SweRVolfSoC/Peripherals/gpio/gpio_wrapper.v:22]
INFO: [Synth 8-6157] synthesizing module 'gpio_top' [C:/Users/Usuario/Documents/Noveno Semestre/Arquitectura de computadores/RVfpgaSoC-v1.0/RVfpgaSoC/Labs/LabProjects/Lab1.srcs/sources_1/imports/src/SweRVolfSoC/Peripherals/gpio/gpio_top.v:115]
	Parameter dw bound to: 32 - type: integer 
	Parameter aw bound to: 8 - type: integer 
	Parameter gw bound to: 32 - type: integer 
INFO: [Synth 8-6155] done synthesizing module 'gpio_top' (1#1) [C:/Users/Usuario/Documents/Noveno Semestre/Arquitectura de computadores/RVfpgaSoC-v1.0/RVfpgaSoC/Labs/LabProjects/Lab1.srcs/sources_1/imports/src/SweRVolfSoC/Peripherals/gpio/gpio_top.v:115]
WARNING: [Synth 8-7071] port 'aux_i' of module 'gpio_top' is unconnected for instance 'gpio' [C:/Users/Usuario/Documents/Noveno Semestre/Arquitectura de computadores/RVfpgaSoC-v1.0/RVfpgaSoC/Labs/LabProjects/Lab1.srcs/sources_1/imports/src/SweRVolfSoC/Peripherals/gpio/gpio_wrapper.v:45]
WARNING: [Synth 8-7071] port 'clk_pad_i' of module 'gpio_top' is unconnected for instance 'gpio' [C:/Users/Usuario/Documents/Noveno Semestre/Arquitectura de computadores/RVfpgaSoC-v1.0/RVfpgaSoC/Labs/LabProjects/Lab1.srcs/sources_1/imports/src/SweRVolfSoC/Peripherals/gpio/gpio_wrapper.v:45]
WARNING: [Synth 8-7023] instance 'gpio' of module 'gpio_top' has 17 connections declared, but only 15 given [C:/Users/Usuario/Documents/Noveno Semestre/Arquitectura de computadores/RVfpgaSoC-v1.0/RVfpgaSoC/Labs/LabProjects/Lab1.srcs/sources_1/imports/src/SweRVolfSoC/Peripherals/gpio/gpio_wrapper.v:45]
INFO: [Synth 8-6155] done synthesizing module 'gpio_wrapper' (2#1) [C:/Users/Usuario/Documents/Noveno Semestre/Arquitectura de computadores/RVfpgaSoC-v1.0/RVfpgaSoC/Labs/LabProjects/Lab1.srcs/sources_1/imports/src/SweRVolfSoC/Peripherals/gpio/gpio_wrapper.v:22]
INFO: [Synth 8-6155] done synthesizing module 'BD_gpio_wrapper_0_0' (3#1) [c:/Users/Usuario/Documents/Noveno Semestre/Arquitectura de computadores/RVfpgaSoC-v1.0/RVfpgaSoC/Labs/LabProjects/Lab1.gen/sources_1/bd/BD/ip/BD_gpio_wrapper_0_0/synth/BD_gpio_wrapper_0_0.v:58]
---------------------------------------------------------------------------------
Finished Synthesize : Time (s): cpu = 00:00:19 ; elapsed = 00:00:18 . Memory (MB): peak = 1284.449 ; gain = 569.102
---------------------------------------------------------------------------------
---------------------------------------------------------------------------------
Finished Constraint Validation : Time (s): cpu = 00:00:20 ; elapsed = 00:00:20 . Memory (MB): peak = 1284.449 ; gain = 569.102
---------------------------------------------------------------------------------
---------------------------------------------------------------------------------
Start Loading Part and Timing Information
---------------------------------------------------------------------------------
Loading part: xc7a100tcsg324-1
---------------------------------------------------------------------------------
Finished Loading Part and Timing Information : Time (s): cpu = 00:00:20 ; elapsed = 00:00:20 . Memory (MB): peak = 1284.449 ; gain = 569.102
---------------------------------------------------------------------------------
INFO: [Device 21-403] Loading part xc7a100tcsg324-1
---------------------------------------------------------------------------------
Finished RTL Optimization Phase 2 : Time (s): cpu = 00:00:21 ; elapsed = 00:00:21 . Memory (MB): peak = 1284.449 ; gain = 569.102
---------------------------------------------------------------------------------
No constraint files found.
---------------------------------------------------------------------------------
Start RTL Component Statistics 
---------------------------------------------------------------------------------
Detailed RTL Component Info : 
+---XORs : 
	   2 Input     32 Bit         XORs := 2     
+---Registers : 
	               32 Bit    Registers := 14    
	                2 Bit    Registers := 1     
	                1 Bit    Registers := 6     
+---Muxes : 
	   2 Input   32 Bit        Muxes := 8     
	   2 Input    2 Bit        Muxes := 2     
	   2 Input    1 Bit        Muxes := 1     
---------------------------------------------------------------------------------
Finished RTL Component Statistics 
---------------------------------------------------------------------------------
---------------------------------------------------------------------------------
Start Part Resource Summary
---------------------------------------------------------------------------------
Part Resources:
DSPs: 240 (col length:80)
BRAMs: 270 (col length: RAMB18 80 RAMB36 40)
---------------------------------------------------------------------------------
Finished Part Resource Summary
---------------------------------------------------------------------------------
No constraint files found.
---------------------------------------------------------------------------------
Start Cross Boundary and Area Optimization
---------------------------------------------------------------------------------
---------------------------------------------------------------------------------
Finished Cross Boundary and Area Optimization : Time (s): cpu = 00:00:33 ; elapsed = 00:00:40 . Memory (MB): peak = 1284.449 ; gain = 569.102
---------------------------------------------------------------------------------
No constraint files found.
---------------------------------------------------------------------------------
Start Timing Optimization
---------------------------------------------------------------------------------
---------------------------------------------------------------------------------
Finished Timing Optimization : Time (s): cpu = 00:00:34 ; elapsed = 00:00:41 . Memory (MB): peak = 1284.449 ; gain = 569.102
---------------------------------------------------------------------------------
---------------------------------------------------------------------------------
Start Technology Mapping
---------------------------------------------------------------------------------
---------------------------------------------------------------------------------
Finished Technology Mapping : Time (s): cpu = 00:00:34 ; elapsed = 00:00:41 . Memory (MB): peak = 1284.449 ; gain = 569.102
---------------------------------------------------------------------------------
---------------------------------------------------------------------------------
Start IO Insertion
---------------------------------------------------------------------------------
---------------------------------------------------------------------------------
Start Flattening Before IO Insertion
---------------------------------------------------------------------------------
---------------------------------------------------------------------------------
Finished Flattening Before IO Insertion
---------------------------------------------------------------------------------
---------------------------------------------------------------------------------
Start Final Netlist Cleanup
---------------------------------------------------------------------------------
---------------------------------------------------------------------------------
Finished Final Netlist Cleanup
---------------------------------------------------------------------------------
---------------------------------------------------------------------------------
Finished IO Insertion : Time (s): cpu = 00:00:43 ; elapsed = 00:00:53 . Memory (MB): peak = 1284.449 ; gain = 569.102
---------------------------------------------------------------------------------
---------------------------------------------------------------------------------
Start Renaming Generated Instances
---------------------------------------------------------------------------------
---------------------------------------------------------------------------------
Finished Renaming Generated Instances : Time (s): cpu = 00:00:43 ; elapsed = 00:00:53 . Memory (MB): peak = 1284.449 ; gain = 569.102
---------------------------------------------------------------------------------
---------------------------------------------------------------------------------
Start Rebuilding User Hierarchy
---------------------------------------------------------------------------------
---------------------------------------------------------------------------------
Finished Rebuilding User Hierarchy : Time (s): cpu = 00:00:43 ; elapsed = 00:00:53 . Memory (MB): peak = 1284.449 ; gain = 569.102
---------------------------------------------------------------------------------
---------------------------------------------------------------------------------
Start Renaming Generated Ports
---------------------------------------------------------------------------------
---------------------------------------------------------------------------------
Finished Renaming Generated Ports : Time (s): cpu = 00:00:43 ; elapsed = 00:00:53 . Memory (MB): peak = 1284.449 ; gain = 569.102
---------------------------------------------------------------------------------
---------------------------------------------------------------------------------
Start Handling Custom Attributes
---------------------------------------------------------------------------------
---------------------------------------------------------------------------------
Finished Handling Custom Attributes : Time (s): cpu = 00:00:43 ; elapsed = 00:00:53 . Memory (MB): peak = 1284.449 ; gain = 569.102
---------------------------------------------------------------------------------
---------------------------------------------------------------------------------
Start Renaming Generated Nets
---------------------------------------------------------------------------------
---------------------------------------------------------------------------------
Finished Renaming Generated Nets : Time (s): cpu = 00:00:43 ; elapsed = 00:00:53 . Memory (MB): peak = 1284.449 ; gain = 569.102
---------------------------------------------------------------------------------
---------------------------------------------------------------------------------
Start Writing Synthesis Report
---------------------------------------------------------------------------------

Report BlackBoxes: 
+-+--------------+----------+
| |BlackBox name |Instances |
+-+--------------+----------+
+-+--------------+----------+

Report Cell Usage: 
+------+-----+------+
|      |Cell |Count |
+------+-----+------+
|1     |LUT1 |     1|
|2     |LUT2 |    65|
|3     |LUT3 |    35|
|4     |LUT4 |     4|
|5     |LUT5 |    77|
|6     |LUT6 |    98|
|7     |FDCE |   420|
+------+-----+------+

Report Instance Areas: 
+------+---------+-------------+------+
|      |Instance |Module       |Cells |
+------+---------+-------------+------+
|1     |top      |             |   700|
|2     |  inst   |gpio_wrapper |   700|
|3     |    gpio |gpio_top     |   700|
+------+---------+-------------+------+
---------------------------------------------------------------------------------
Finished Writing Synthesis Report : Time (s): cpu = 00:00:43 ; elapsed = 00:00:53 . Memory (MB): peak = 1284.449 ; gain = 569.102
---------------------------------------------------------------------------------
Synthesis finished with 0 errors, 0 critical warnings and 3 warnings.
Synthesis Optimization Runtime : Time (s): cpu = 00:00:43 ; elapsed = 00:00:54 . Memory (MB): peak = 1284.449 ; gain = 569.102
Synthesis Optimization Complete : Time (s): cpu = 00:00:43 ; elapsed = 00:00:54 . Memory (MB): peak = 1284.449 ; gain = 569.102
INFO: [Project 1-571] Translating synthesized netlist
Netlist sorting complete. Time (s): cpu = 00:00:00 ; elapsed = 00:00:00.048 . Memory (MB): peak = 1284.449 ; gain = 0.000
INFO: [Project 1-570] Preparing netlist for logic optimization
INFO: [Opt 31-138] Pushed 0 inverter(s) to 0 load pin(s).
Netlist sorting complete. Time (s): cpu = 00:00:00 ; elapsed = 00:00:00.001 . Memory (MB): peak = 1284.449 ; gain = 0.000
INFO: [Project 1-111] Unisim Transformation Summary:
No Unisim elements were transformed.

INFO: [Common 17-83] Releasing license: Synthesis
16 Infos, 4 Warnings, 0 Critical Warnings and 0 Errors encountered.
synth_design completed successfully
synth_design: Time (s): cpu = 00:00:53 ; elapsed = 00:01:10 . Memory (MB): peak = 1284.449 ; gain = 577.609
INFO: [Timing 38-35] Done setting XDC timing constraints.
INFO: [Common 17-1381] The checkpoint 'C:/Users/Usuario/Documents/Noveno Semestre/Arquitectura de computadores/RVfpgaSoC-v1.0/RVfpgaSoC/Labs/LabProjects/Lab1.runs/BD_gpio_wrapper_0_0_synth_1/BD_gpio_wrapper_0_0.dcp' has been generated.
write_checkpoint: Time (s): cpu = 00:00:22 ; elapsed = 00:00:29 . Memory (MB): peak = 1396.191 ; gain = 111.742
WARNING: [Common 17-576] 'use_project_ipc' is deprecated. This option is deprecated and no longer used.
INFO: [Coretcl 2-1174] Renamed 2 cell refs.
INFO: [Common 17-1381] The checkpoint 'C:/Users/Usuario/Documents/Noveno Semestre/Arquitectura de computadores/RVfpgaSoC-v1.0/RVfpgaSoC/Labs/LabProjects/Lab1.runs/BD_gpio_wrapper_0_0_synth_1/BD_gpio_wrapper_0_0.dcp' has been generated.
INFO: [runtcl-4] Executing : report_utilization -file BD_gpio_wrapper_0_0_utilization_synth.rpt -pb BD_gpio_wrapper_0_0_utilization_synth.pb
INFO: [Common 17-206] Exiting Vivado at Sun Mar  6 16:57:53 2022...
